2014/02/19 14:03:18 [error] [php] date(): It is not safe to rely on the system's timezone settings. You are *required* to use the date.timezone setting or the date_default_timezone_set() function. In case you used any of those methods and you are still getting this warning, you most likely misspelled the timezone identifier. We selected 'UTC' for '8.0/no DST' instead (K:\Sites\productivore\protected\views\layouts\main.php:51)
Stack trace:
#0 K:\Sites\Yii-1_1_14\framework\web\CBaseController.php(95): SiteController->renderInternal()
#1 K:\Sites\Yii-1_1_14\framework\web\widgets\CContentDecorator.php(76): SiteController->renderFile()
#2 K:\Sites\Yii-1_1_14\framework\web\widgets\CContentDecorator.php(54): CContentDecorator->decorate()
#3 K:\Sites\Yii-1_1_14\framework\web\widgets\COutputProcessor.php(44): CContentDecorator->processOutput()
#4 K:\Sites\Yii-1_1_14\framework\web\CBaseController.php(206): CContentDecorator->run()
#5 K:\Sites\Yii-1_1_14\framework\web\CBaseController.php(300): SiteController->endWidget()
#6 K:\Sites\productivore\protected\views\layouts\column1.php(6): SiteController->endContent()
#7 K:\Sites\Yii-1_1_14\framework\web\CBaseController.php(126): require()
#8 K:\Sites\Yii-1_1_14\framework\web\CBaseController.php(95): SiteController->renderInternal()
#9 K:\Sites\Yii-1_1_14\framework\web\CController.php(784): SiteController->renderFile()
#10 K:\Sites\productivore\protected\controllers\SiteController.php(32): SiteController->render()
#11 K:\Sites\Yii-1_1_14\framework\web\actions\CInlineAction.php(49): SiteController->actionIndex()
#12 K:\Sites\Yii-1_1_14\framework\web\CController.php(308): CInlineAction->runWithParams()
#13 K:\Sites\Yii-1_1_14\framework\web\CController.php(286): SiteController->runAction()
#14 K:\Sites\Yii-1_1_14\framework\web\CController.php(265): SiteController->runActionWithFilters()
#15 K:\Sites\Yii-1_1_14\framework\web\CWebApplication.php(282): SiteController->run()
#16 K:\Sites\Yii-1_1_14\framework\web\CWebApplication.php(141): CWebApplication->runController()
#17 K:\Sites\Yii-1_1_14\framework\base\CApplication.php(180): CWebApplication->processRequest()
#18 K:\Sites\productivore\index.php(13): CWebApplication->run()
REQUEST_URI=/productivore/
in K:\Sites\productivore\protected\views\layouts\main.php (51)
in K:\Sites\productivore\protected\views\layouts\column1.php (6)
in K:\Sites\productivore\protected\controllers\SiteController.php (32)
2014/02/19 14:04:20 [error] [php] date(): It is not safe to rely on the system's timezone settings. You are *required* to use the date.timezone setting or the date_default_timezone_set() function. In case you used any of those methods and you are still getting this warning, you most likely misspelled the timezone identifier. We selected 'UTC' for '8.0/no DST' instead (K:\Sites\productivore\protected\views\layouts\main.php:51)
Stack trace:
#0 K:\Sites\Yii-1_1_14\framework\web\CBaseController.php(95): SiteController->renderInternal()
#1 K:\Sites\Yii-1_1_14\framework\web\widgets\CContentDecorator.php(76): SiteController->renderFile()
#2 K:\Sites\Yii-1_1_14\framework\web\widgets\CContentDecorator.php(54): CContentDecorator->decorate()
#3 K:\Sites\Yii-1_1_14\framework\web\widgets\COutputProcessor.php(44): CContentDecorator->processOutput()
#4 K:\Sites\Yii-1_1_14\framework\web\CBaseController.php(206): CContentDecorator->run()
#5 K:\Sites\Yii-1_1_14\framework\web\CBaseController.php(300): SiteController->endWidget()
#6 K:\Sites\productivore\protected\views\layouts\column1.php(6): SiteController->endContent()
#7 K:\Sites\Yii-1_1_14\framework\web\CBaseController.php(126): require()
#8 K:\Sites\Yii-1_1_14\framework\web\CBaseController.php(95): SiteController->renderInternal()
#9 K:\Sites\Yii-1_1_14\framework\web\CController.php(784): SiteController->renderFile()
#10 K:\Sites\productivore\protected\controllers\SiteController.php(32): SiteController->render()
#11 K:\Sites\Yii-1_1_14\framework\web\actions\CInlineAction.php(49): SiteController->actionIndex()
#12 K:\Sites\Yii-1_1_14\framework\web\CController.php(308): CInlineAction->runWithParams()
#13 K:\Sites\Yii-1_1_14\framework\web\CController.php(286): SiteController->runAction()
#14 K:\Sites\Yii-1_1_14\framework\web\CController.php(265): SiteController->runActionWithFilters()
#15 K:\Sites\Yii-1_1_14\framework\web\CWebApplication.php(282): SiteController->run()
#16 K:\Sites\Yii-1_1_14\framework\web\CWebApplication.php(141): CWebApplication->runController()
#17 K:\Sites\Yii-1_1_14\framework\base\CApplication.php(180): CWebApplication->processRequest()
#18 K:\Sites\productivore\index.php(13): CWebApplication->run()
REQUEST_URI=/productivore/
in K:\Sites\productivore\protected\views\layouts\main.php (51)
in K:\Sites\productivore\protected\views\layouts\column1.php (6)
in K:\Sites\productivore\protected\controllers\SiteController.php (32)
2014/02/25 17:54:15 [error] [php] Constant BASEURL already defined (C:\wamp\www\productivore\productivore\protected\views\layouts\main.php:46)
Stack trace:
#0 C:\wamp\www\productivore\Yii-1_1_14\framework\web\CBaseController.php(95): SiteController->renderInternal()
#1 C:\wamp\www\productivore\Yii-1_1_14\framework\web\CController.php(784): SiteController->renderFile()
#2 C:\wamp\www\productivore\productivore\protected\controllers\SiteController.php(32): SiteController->render()
#3 C:\wamp\www\productivore\Yii-1_1_14\framework\web\actions\CInlineAction.php(49): SiteController->actionIndex()
#4 C:\wamp\www\productivore\Yii-1_1_14\framework\web\CController.php(308): CInlineAction->runWithParams()
#5 C:\wamp\www\productivore\Yii-1_1_14\framework\web\CController.php(286): SiteController->runAction()
#6 C:\wamp\www\productivore\Yii-1_1_14\framework\web\CController.php(265): SiteController->runActionWithFilters()
#7 C:\wamp\www\productivore\Yii-1_1_14\framework\web\CWebApplication.php(282): SiteController->run()
#8 C:\wamp\www\productivore\Yii-1_1_14\framework\web\CWebApplication.php(141): CWebApplication->runController()
#9 C:\wamp\www\productivore\Yii-1_1_14\framework\base\CApplication.php(180): CWebApplication->processRequest()
#10 C:\wamp\www\productivore\productivore\index.php(22): CWebApplication->run()
REQUEST_URI=/productivore/productivore/
in C:\wamp\www\productivore\productivore\protected\views\layouts\main.php (46)
in C:\wamp\www\productivore\productivore\protected\controllers\SiteController.php (32)
in C:\wamp\www\productivore\productivore\index.php (22)
2014/02/25 18:15:22 [error] [php] Use of undefined constant BASEURL - assumed 'BASEURL' (C:\wamp\www\productivore\productivore\protected\views\layouts\main.php:48)
Stack trace:
#0 C:\wamp\www\productivore\Yii-1_1_14\framework\web\CController.php(784): SiteController->renderFile()
#1 C:\wamp\www\productivore\productivore\protected\controllers\SiteController.php(32): SiteController->render()
#2 C:\wamp\www\productivore\Yii-1_1_14\framework\web\actions\CInlineAction.php(49): SiteController->actionIndex()
#3 C:\wamp\www\productivore\Yii-1_1_14\framework\web\CController.php(308): CInlineAction->runWithParams()
#4 C:\wamp\www\productivore\Yii-1_1_14\framework\web\CController.php(286): SiteController->runAction()
#5 C:\wamp\www\productivore\Yii-1_1_14\framework\web\CController.php(265): SiteController->runActionWithFilters()
#6 C:\wamp\www\productivore\Yii-1_1_14\framework\web\CWebApplication.php(282): SiteController->run()
#7 C:\wamp\www\productivore\Yii-1_1_14\framework\web\CWebApplication.php(141): CWebApplication->runController()
#8 C:\wamp\www\productivore\Yii-1_1_14\framework\base\CApplication.php(180): CWebApplication->processRequest()
#9 C:\wamp\www\productivore\productivore\index.php(19): CWebApplication->run()
REQUEST_URI=/productivore/productivore/
in C:\wamp\www\productivore\productivore\protected\views\layouts\main.php (48)
in C:\wamp\www\productivore\productivore\protected\controllers\SiteController.php (32)
in C:\wamp\www\productivore\productivore\index.php (19)
2014/02/25 18:23:58 [error] [php] Use of undefined constant MY_CONST - assumed 'MY_CONST' (C:\wamp\www\productivore\productivore\protected\views\layouts\main.php:47)
Stack trace:
#0 C:\wamp\www\productivore\Yii-1_1_14\framework\web\CController.php(784): SiteController->renderFile()
#1 C:\wamp\www\productivore\productivore\protected\controllers\SiteController.php(32): SiteController->render()
#2 C:\wamp\www\productivore\Yii-1_1_14\framework\web\actions\CInlineAction.php(49): SiteController->actionIndex()
#3 C:\wamp\www\productivore\Yii-1_1_14\framework\web\CController.php(308): CInlineAction->runWithParams()
#4 C:\wamp\www\productivore\Yii-1_1_14\framework\web\CController.php(286): SiteController->runAction()
#5 C:\wamp\www\productivore\Yii-1_1_14\framework\web\CController.php(265): SiteController->runActionWithFilters()
#6 C:\wamp\www\productivore\Yii-1_1_14\framework\web\CWebApplication.php(282): SiteController->run()
#7 C:\wamp\www\productivore\Yii-1_1_14\framework\web\CWebApplication.php(141): CWebApplication->runController()
#8 C:\wamp\www\productivore\Yii-1_1_14\framework\base\CApplication.php(180): CWebApplication->processRequest()
#9 C:\wamp\www\productivore\productivore\index.php(19): CWebApplication->run()
REQUEST_URI=/productivore/productivore/
in C:\wamp\www\productivore\productivore\protected\views\layouts\main.php (47)
in C:\wamp\www\productivore\productivore\protected\controllers\SiteController.php (32)
in C:\wamp\www\productivore\productivore\index.php (19)
2014/02/25 18:29:40 [error] [php] require_once(MyConstants.php): failed to open stream: No such file or directory (C:\wamp\www\productivore\productivore\protected\views\layouts\main.php:2)
Stack trace:
#0 C:\wamp\www\productivore\Yii-1_1_14\framework\web\CBaseController.php(95): SiteController->renderInternal()
#1 C:\wamp\www\productivore\Yii-1_1_14\framework\web\CController.php(784): SiteController->renderFile()
#2 C:\wamp\www\productivore\productivore\protected\controllers\SiteController.php(32): SiteController->render()
#3 C:\wamp\www\productivore\Yii-1_1_14\framework\web\actions\CInlineAction.php(49): SiteController->actionIndex()
#4 C:\wamp\www\productivore\Yii-1_1_14\framework\web\CController.php(308): CInlineAction->runWithParams()
#5 C:\wamp\www\productivore\Yii-1_1_14\framework\web\CController.php(286): SiteController->runAction()
#6 C:\wamp\www\productivore\Yii-1_1_14\framework\web\CController.php(265): SiteController->runActionWithFilters()
#7 C:\wamp\www\productivore\Yii-1_1_14\framework\web\CWebApplication.php(282): SiteController->run()
#8 C:\wamp\www\productivore\Yii-1_1_14\framework\web\CWebApplication.php(141): CWebApplication->runController()
#9 C:\wamp\www\productivore\Yii-1_1_14\framework\base\CApplication.php(180): CWebApplication->processRequest()
#10 C:\wamp\www\productivore\productivore\index.php(19): CWebApplication->run()
REQUEST_URI=/productivore/productivore/
in C:\wamp\www\productivore\productivore\protected\views\layouts\main.php (2)
in C:\wamp\www\productivore\productivore\protected\views\layouts\main.php (2)
in C:\wamp\www\productivore\productivore\protected\controllers\SiteController.php (32)
2014/02/25 18:30:57 [error] [php] Use of undefined constant MY_CONST - assumed 'MY_CONST' (C:\wamp\www\productivore\productivore\protected\views\layouts\main.php:46)
Stack trace:
#0 C:\wamp\www\productivore\Yii-1_1_14\framework\web\CController.php(784): SiteController->renderFile()
#1 C:\wamp\www\productivore\productivore\protected\controllers\SiteController.php(32): SiteController->render()
#2 C:\wamp\www\productivore\Yii-1_1_14\framework\web\actions\CInlineAction.php(49): SiteController->actionIndex()
#3 C:\wamp\www\productivore\Yii-1_1_14\framework\web\CController.php(308): CInlineAction->runWithParams()
#4 C:\wamp\www\productivore\Yii-1_1_14\framework\web\CController.php(286): SiteController->runAction()
#5 C:\wamp\www\productivore\Yii-1_1_14\framework\web\CController.php(265): SiteController->runActionWithFilters()
#6 C:\wamp\www\productivore\Yii-1_1_14\framework\web\CWebApplication.php(282): SiteController->run()
#7 C:\wamp\www\productivore\Yii-1_1_14\framework\web\CWebApplication.php(141): CWebApplication->runController()
#8 C:\wamp\www\productivore\Yii-1_1_14\framework\base\CApplication.php(180): CWebApplication->processRequest()
#9 C:\wamp\www\productivore\productivore\index.php(19): CWebApplication->run()
REQUEST_URI=/productivore/productivore/
in C:\wamp\www\productivore\productivore\protected\views\layouts\main.php (46)
in C:\wamp\www\productivore\productivore\protected\controllers\SiteController.php (32)
in C:\wamp\www\productivore\productivore\index.php (19)
2014/02/26 00:15:15 [error] [php] Use of undefined constant MY_CONST - assumed 'MY_CONST' (K:\Sites\productivore\productivore\protected\views\layouts\main.php:46)
Stack trace:
#0 K:\Sites\productivore\Yii-1_1_14\framework\web\CController.php(784): SiteController->renderFile()
#1 K:\Sites\productivore\productivore\protected\controllers\SiteController.php(32): SiteController->render()
#2 K:\Sites\productivore\Yii-1_1_14\framework\web\actions\CInlineAction.php(49): SiteController->actionIndex()
#3 K:\Sites\productivore\Yii-1_1_14\framework\web\CController.php(308): CInlineAction->runWithParams()
#4 K:\Sites\productivore\Yii-1_1_14\framework\web\CController.php(286): SiteController->runAction()
#5 K:\Sites\productivore\Yii-1_1_14\framework\web\CController.php(265): SiteController->runActionWithFilters()
#6 K:\Sites\productivore\Yii-1_1_14\framework\web\CWebApplication.php(282): SiteController->run()
#7 K:\Sites\productivore\Yii-1_1_14\framework\web\CWebApplication.php(141): CWebApplication->runController()
#8 K:\Sites\productivore\Yii-1_1_14\framework\base\CApplication.php(180): CWebApplication->processRequest()
#9 K:\Sites\productivore\productivore\index.php(26): CWebApplication->run()
REQUEST_URI=/productivore/productivore/
in K:\Sites\productivore\productivore\protected\views\layouts\main.php (46)
in K:\Sites\productivore\productivore\protected\controllers\SiteController.php (32)
in K:\Sites\productivore\productivore\index.php (26)
